INFO 2023-06-20 01:00:19,468 5144 23 - 周 [1, 2, 3, 4, 5, 6, 7, 8, 9, 11, 12, 13, 14, 15, 16, 17, 23, 24]
INFO 2023-06-20 01:00:19,468 9952 174 - 开始同步
INFO 2023-06-20 01:00:19,468 9952 132 - list:/alist
INFO 2023-06-20 01:00:19,483 9952 132 - list:alist/浴血黑帮/
INFO 2023-06-20 01:00:19,485 9952 132 - list:alist/浴血黑帮/S06/
INFO 2023-06-20 01:00:19,487 9952 147 - 开始检测file:alist/浴血黑帮/S06/Peaky.Blinders.S06E06.1080p.HDTV.H264-ORGANiC.chs.eng.mp4
INFO 2023-06-20 01:00:19,487 9952 76 - 第1此尝试: alist/浴血黑帮/S06/Peaky.Blinders.S06E06.1080p.HDTV.H264-ORGANiC.chs.eng.mp4
INFO 2023-06-20 01:00:21,488 22792 101 - 开始断点续传:alist/浴血黑帮/S06/Peaky.Blinders.S06E06.1080p.HDTV.H264-ORGANiC.chs.eng.mp4 225465000 225465000-1565933146
INFO 2023-06-20 01:00:21,488 9952 147 - 开始检测file:alist/浴血黑帮/S06/02.mp4
INFO 2023-06-20 01:00:21,489 9952 66 - remote_path=alist/浴血黑帮/S06/Peaky.Blinders.S06E06.1080p.HDTV.H264-ORGANiC.chs.eng.mp4 local_path=/mnt/user/moviealist/浴血黑帮/S06/Peaky.Blinders.S06E06.1080p.HDTV.H264-ORGANiC.chs.eng.mp4 progress=0 local_size=225465000 remote_size=1565933146
INFO 2023-06-20 01:00:21,489 9952 76 - 第1此尝试: alist/浴血黑帮/S06/02.mp4
INFO 2023-06-20 01:00:23,117 22792 69 - sleep:2.36 s
INFO 2023-06-20 01:00:23,489 23868 101 - 开始断点续传:alist/浴血黑帮/S06/02.mp4 175134000 175134000-1110255434
INFO 2023-06-20 01:00:23,489 9952 147 - 开始检测file:alist/浴血黑帮/S06/01.mp4
INFO 2023-06-20 01:00:23,490 9952 66 - remote_path=alist/浴血黑帮/S06/Peaky.Blinders.S06E06.1080p.HDTV.H264-ORGANiC.chs.eng.mp4 local_path=/mnt/user/moviealist/浴血黑帮/S06/Peaky.Blinders.S06E06.1080p.HDTV.H264-ORGANiC.chs.eng.mp4 progress=15.07 local_size=235950000 remote_size=1565933146
INFO 2023-06-20 01:00:23,490 9952 66 - remote_path=alist/浴血黑帮/S06/02.mp4 local_path=/mnt/user/moviealist/浴血黑帮/S06/02.mp4 progress=0 local_size=175134000 remote_size=1110255434
INFO 2023-06-20 01:00:23,490 9952 76 - 第1此尝试: alist/浴血黑帮/S06/01.mp4
INFO 2023-06-20 01:00:25,150 23868 69 - sleep:2.36 s
INFO 2023-06-20 01:00:25,492 24668 101 - 开始断点续传:alist/浴血黑帮/S06/01.mp4 153111000 153111000-1108157391
INFO 2023-06-20 01:00:25,492 9952 147 - 开始检测file:alist/浴血黑帮/S06/Peaky.Blinders.S06E05.The.Road.to.Hell.1080p.iP.WEB-DL.AAC2.0.H.264-SEe.chs.eng.mp4
INFO 2023-06-20 01:00:25,493 9952 66 - remote_path=alist/浴血黑帮/S06/Peaky.Blinders.S06E06.1080p.HDTV.H264-ORGANiC.chs.eng.mp4 local_path=/mnt/user/moviealist/浴血黑帮/S06/Peaky.Blinders.S06E06.1080p.HDTV.H264-ORGANiC.chs.eng.mp4 progress=15.07 local_size=235950000 remote_size=1565933146
INFO 2023-06-20 01:00:25,493 9952 66 - remote_path=alist/浴血黑帮/S06/02.mp4 local_path=/mnt/user/moviealist/浴血黑帮/S06/02.mp4 progress=16.72 local_size=185619000 remote_size=1110255434
INFO 2023-06-20 01:00:25,493 9952 66 - remote_path=alist/浴血黑帮/S06/01.mp4 local_path=/mnt/user/moviealist/浴血黑帮/S06/01.mp4 progress=0 local_size=153111000 remote_size=1108157391
INFO 2023-06-20 01:00:25,493 9952 76 - 第1此尝试: alist/浴血黑帮/S06/Peaky.Blinders.S06E05.The.Road.to.Hell.1080p.iP.WEB-DL.AAC2.0.H.264-SEe.chs.eng.mp4
INFO 2023-06-20 01:00:25,750 22792 69 - sleep:2.73 s
INFO 2023-06-20 01:00:27,778 23868 69 - sleep:2.73 s
INFO 2023-06-20 01:00:28,545 22792 69 - sleep:2.94 s
INFO 2023-06-20 01:00:30,493 9952 66 - remote_path=alist/浴血黑帮/S06/Peaky.Blinders.S06E06.1080p.HDTV.H264-ORGANiC.chs.eng.mp4 local_path=/mnt/user/moviealist/浴血黑帮/S06/Peaky.Blinders.S06E06.1080p.HDTV.H264-ORGANiC.chs.eng.mp4 progress=15.74 local_size=246436500 remote_size=1565933146
INFO 2023-06-20 01:00:30,493 9952 66 - remote_path=alist/浴血黑帮/S06/02.mp4 local_path=/mnt/user/moviealist/浴血黑帮/S06/02.mp4 progress=17.66 local_size=196105500 remote_size=1110255434
INFO 2023-06-20 01:00:30,493 9952 66 - remote_path=alist/浴血黑帮/S06/01.mp4 local_path=/mnt/user/moviealist/浴血黑帮/S06/01.mp4 progress=13.82 local_size=153111000 remote_size=1108157391
INFO 2023-06-20 01:00:30,493 9952 76 - 第2此尝试: alist/浴血黑帮/S06/Peaky.Blinders.S06E05.The.Road.to.Hell.1080p.iP.WEB-DL.AAC2.0.H.264-SEe.chs.eng.mp4
INFO 2023-06-20 01:00:30,579 23868 69 - sleep:2.93 s
INFO 2023-06-20 01:00:31,556 22792 69 - sleep:2.93 s
INFO 2023-06-20 01:00:32,699 24668 69 - sleep:0.71 s
INFO 2023-06-20 01:00:33,577 23868 69 - sleep:2.93 s
INFO 2023-06-20 01:00:34,659 24668 69 - sleep:1.75 s
INFO 2023-06-20 01:00:34,701 22792 69 - sleep:2.79 s
INFO 2023-06-20 01:00:35,494 9952 66 - remote_path=alist/浴血黑帮/S06/Peaky.Blinders.S06E06.1080p.HDTV.H264-ORGANiC.chs.eng.mp4 local_path=/mnt/user/moviealist/浴血黑帮/S06/Peaky.Blinders.S06E06.1080p.HDTV.H264-ORGANiC.chs.eng.mp4 progress=17.08 local_size=267409500 remote_size=1565933146
INFO 2023-06-20 01:00:35,494 9952 66 - remote_path=alist/浴血黑帮/S06/02.mp4 local_path=/mnt/user/moviealist/浴血黑帮/S06/02.mp4 progress=18.61 local_size=206592000 remote_size=1110255434
INFO 2023-06-20 01:00:35,494 9952 66 - remote_path=alist/浴血黑帮/S06/01.mp4 local_path=/mnt/user/moviealist/浴血黑帮/S06/01.mp4 progress=15.71 local_size=174082500 remote_size=1108157391
INFO 2023-06-20 01:00:35,494 9952 76 - 第3此尝试: alist/浴血黑帮/S06/Peaky.Blinders.S06E05.The.Road.to.Hell.1080p.iP.WEB-DL.AAC2.0.H.264-SEe.chs.eng.mp4
INFO 2023-06-20 01:00:36,667 24668 69 - sleep:2.74 s
INFO 2023-06-20 01:00:36,716 23868 69 - sleep:2.79 s
INFO 2023-06-20 01:00:37,566 22792 69 - sleep:2.93 s
INFO 2023-06-20 01:00:39,476 24668 69 - sleep:2.93 s
INFO 2023-06-20 01:00:39,568 23868 69 - sleep:2.94 s
INFO 2023-06-20 01:00:40,494 9952 66 - remote_path=alist/浴血黑帮/S06/Peaky.Blinders.S06E06.1080p.HDTV.H264-ORGANiC.chs.eng.mp4 local_path=/mnt/user/moviealist/浴血黑帮/S06/Peaky.Blinders.S06E06.1080p.HDTV.H264-ORGANiC.chs.eng.mp4 progress=17.08 local_size=267409500 remote_size=1565933146
INFO 2023-06-20 01:00:40,494 9952 66 - remote_path=alist/浴血黑帮/S06/02.mp4 local_path=/mnt/user/moviealist/浴血黑帮/S06/02.mp4 progress=19.55 local_size=217078500 remote_size=1110255434
INFO 2023-06-20 01:00:40,494 9952 66 - remote_path=alist/浴血黑帮/S06/01.mp4 local_path=/mnt/user/moviealist/浴血黑帮/S06/01.mp4 progress=16.66 local_size=184569000 remote_size=1108157391
INFO 2023-06-20 01:00:40,494 9952 76 - 第4此尝试: alist/浴血黑帮/S06/Peaky.Blinders.S06E05.The.Road.to.Hell.1080p.iP.WEB-DL.AAC2.0.H.264-SEe.chs.eng.mp4
INFO 2023-06-20 01:00:40,560 22792 69 - sleep:2.94 s
INFO 2023-06-20 01:00:42,485 24668 69 - sleep:2.92 s
INFO 2023-06-20 01:00:42,580 23868 69 - sleep:2.93 s
INFO 2023-06-20 01:00:43,572 22792 69 - sleep:2.93 s
INFO 2023-06-20 01:01:22,858 17676 23 - 周 [1, 2, 3, 4, 5, 6, 7, 8, 9, 11, 12, 13, 14, 15, 16, 17, 23, 24]
INFO 2023-06-20 01:01:22,858 17472 175 - 开始同步
INFO 2023-06-20 01:01:22,858 17472 133 - list:/alist/下载
INFO 2023-06-20 01:01:23,918 17472 133 - list:alist/下载/Z纸牌屋 (2013-2018)/
INFO 2023-06-20 01:01:24,019 17472 133 - list:alist/下载/Z纸牌屋 (2013-2018)/Season 1/
INFO 2023-06-20 01:01:24,298 17472 148 - 开始检测file:alist/下载/Z纸牌屋 (2013-2018)/Season 1/纸牌屋.House.Of.Cards.2013.S01E01.Summer.mkv
INFO 2023-06-20 01:01:24,298 17472 77 - 第1此尝试: alist/下载/Z纸牌屋 (2013-2018)/Season 1/纸牌屋.House.Of.Cards.2013.S01E01.Summer.mkv
INFO 2023-06-20 01:01:26,300 16564 100 - 开始下载 alist/下载/Z纸牌屋 (2013-2018)/Season 1/纸牌屋.House.Of.Cards.2013.S01E01.Summer.mkv /mnt/user/moviealist/下载/Z纸牌屋 (2013-2018)/Season 1/纸牌屋.House.Of.Cards.2013.S01E01.Summer.mkv
INFO 2023-06-20 01:01:26,300 17472 148 - 开始检测file:alist/下载/Z纸牌屋 (2013-2018)/Season 1/纸牌屋.House.Of.Cards.2013.S01E11.Summer.mkv
INFO 2023-06-20 01:01:26,301 17472 67 - remote_path=alist/下载/Z纸牌屋 (2013-2018)/Season 1/纸牌屋.House.Of.Cards.2013.S01E01.Summer.mkv local_path=/mnt/user/moviealist/下载/Z纸牌屋 (2013-2018)/Season 1/纸牌屋.House.Of.Cards.2013.S01E01.Summer.mkv progress=0 local_size=0 remote_size=0
INFO 2023-06-20 01:01:26,301 17472 77 - 第1此尝试: alist/下载/Z纸牌屋 (2013-2018)/Season 1/纸牌屋.House.Of.Cards.2013.S01E11.Summer.mkv
INFO 2023-06-20 01:01:27,301 13892 100 - 开始下载 alist/下载/Z纸牌屋 (2013-2018)/Season 1/纸牌屋.House.Of.Cards.2013.S01E11.Summer.mkv /mnt/user/moviealist/下载/Z纸牌屋 (2013-2018)/Season 1/纸牌屋.House.Of.Cards.2013.S01E11.Summer.mkv
INFO 2023-06-20 01:01:27,301 17472 148 - 开始检测file:alist/下载/Z纸牌屋 (2013-2018)/Season 1/纸牌屋.House.Of.Cards.2013.S01E07.Summer.mkv
INFO 2023-06-20 01:01:27,302 17472 67 - remote_path=alist/下载/Z纸牌屋 (2013-2018)/Season 1/纸牌屋.House.Of.Cards.2013.S01E01.Summer.mkv local_path=/mnt/user/moviealist/下载/Z纸牌屋 (2013-2018)/Season 1/纸牌屋.House.Of.Cards.2013.S01E01.Summer.mkv progress=0.0 local_size=0 remote_size=0
INFO 2023-06-20 01:01:27,302 17472 67 - remote_path=alist/下载/Z纸牌屋 (2013-2018)/Season 1/纸牌屋.House.Of.Cards.2013.S01E11.Summer.mkv local_path=/mnt/user/moviealist/下载/Z纸牌屋 (2013-2018)/Season 1/纸牌屋.House.Of.Cards.2013.S01E11.Summer.mkv progress=0 local_size=0 remote_size=0
INFO 2023-06-20 01:01:27,302 17472 77 - 第1此尝试: alist/下载/Z纸牌屋 (2013-2018)/Season 1/纸牌屋.House.Of.Cards.2013.S01E07.Summer.mkv
INFO 2023-06-20 01:01:28,156 16564 69 - sleep:2.26 s
